Arguments: 
  /opt/homebrew/Cellar/node/18.0.0/bin/node /opt/homebrew/Cellar/yarn/1.22.18/libexec/bin/yarn.js init svelte .

PATH: 
  /Users/kamontatchantrachirathumrong/.myzs/zplug/repos/zplug/zplug/bin:/Users/kamontatchantrachirathumrong/.myzs/zplug/bin:/Users/kamontatchantrachirathumrong/.cargo/bin:/opt/homebrew/bin:/opt/homebrew/sbin:/sbin:/usr/sbin:/bin:/usr/bin:/usr/local/bin::/usr/local/MacGPG2/bin:/usr/local/share/dotnet

Yarn version: 
  1.22.18

Node version: 
  18.0.0

Platform: 
  darwin arm64

Trace: 
  Error: canceled
      at Interface.<anonymous> (/opt/homebrew/Cellar/yarn/1.22.18/libexec/lib/cli.js:137143:13)
      at Interface.emit (node:events:527:28)
      at [_ttyWrite] [as _ttyWrite] (node:internal/readline/interface:1123:18)
      at ReadStream.onkeypress (node:internal/readline/interface:272:20)
      at ReadStream.emit (node:events:527:28)
      at emitKeys (node:internal/readline/utils:358:14)
      at emitKeys.next (<anonymous>)
      at ReadStream.onData (node:internal/readline/emitKeypressEvents:64:36)
      at ReadStream.emit (node:events:527:28)
      at addChunk (node:internal/streams/readable:324:12)

npm manifest: 
  No manifest

yarn manifest: 
  No manifest

Lockfile: 
  No lockfile
